+---------------------------------------------------------------------+
|  Log file: mau.resources.log                                        |
|  Compiler version: 8.9.0                                            |
|  Created on: Thu Jul 11 10:30:28 2019                               |
|  Run ID: 0ecf3262bba447de                                           |
+---------------------------------------------------------------------+


---------------------------------------------------------------------------------------------------------------------------------------------------------------------------------------------------------------------------------------------------------------------------------------------------------------------------------------------------------------
| Stage Number | Exact Match Input xbar | Ternary Match Input xbar | Hash Bit | Hash Dist Unit | Gateway | SRAM | Map RAM | TCAM | VLIW Instr | Meter ALU | Stats ALU | Stash | Exact Match Search Bus | Exact Match Result Bus | Tind Result Bus | Action Data Bus Bytes | 8-bit Action Slots | 16-bit Action Slots | 32-bit Action Slots | Logical TableID |
---------------------------------------------------------------------------------------------------------------------------------------------------------------------------------------------------------------------------------------------------------------------------------------------------------------------------------------------------------------
|      0       |           7            |            0             |    24    |       2        |    7    |  4   |    4    |  0   |     2      |     0     |     2     |   0   |           7            |           7            |        7        |           0           |         0          |          0          |          0          |        7        |
|      1       |           0            |            25            |    0     |       0        |    0    |  3   |    2    |  10  |     2      |     0     |     1     |   0   |           0            |           0            |        1        |           2           |         0          |          0          |          0          |        1        |
|      2       |           4            |            0             |    15    |       1        |    1    |  2   |    2    |  0   |     1      |     0     |     1     |   0   |           1            |           1            |        1        |           0           |         0          |          0          |          0          |        1        |
|      3       |           0            |            0             |    0     |       0        |    0    |  0   |    0    |  0   |     0      |     0     |     0     |   0   |           0            |           0            |        0        |           0           |         0          |          0          |          0          |        0        |
|      4       |           0            |            0             |    0     |       0        |    0    |  0   |    0    |  0   |     0      |     0     |     0     |   0   |           0            |           0            |        0        |           0           |         0          |          0          |          0          |        0        |
|      5       |           0            |            0             |    0     |       0        |    0    |  0   |    0    |  0   |     0      |     0     |     0     |   0   |           0            |           0            |        0        |           0           |         0          |          0          |          0          |        0        |
|      6       |           0            |            0             |    0     |       0        |    0    |  0   |    0    |  0   |     0      |     0     |     0     |   0   |           0            |           0            |        0        |           0           |         0          |          0          |          0          |        0        |
|      7       |           0            |            0             |    0     |       0        |    0    |  0   |    0    |  0   |     0      |     0     |     0     |   0   |           0            |           0            |        0        |           0           |         0          |          0          |          0          |        0        |
|      8       |           0            |            0             |    0     |       0        |    0    |  0   |    0    |  0   |     0      |     0     |     0     |   0   |           0            |           0            |        0        |           0           |         0          |          0          |          0          |        0        |
|      9       |           0            |            0             |    0     |       0        |    0    |  0   |    0    |  0   |     0      |     0     |     0     |   0   |           0            |           0            |        0        |           0           |         0          |          0          |          0          |        0        |
|      10      |           0            |            0             |    0     |       0        |    0    |  0   |    0    |  0   |     0      |     0     |     0     |   0   |           0            |           0            |        0        |           0           |         0          |          0          |          0          |        0        |
|      11      |           0            |            0             |    0     |       0        |    0    |  0   |    0    |  0   |     0      |     0     |     0     |   0   |           0            |           0            |        0        |           0           |         0          |          0          |          0          |        0        |
|              |                        |                          |          |                |         |      |         |      |            |           |           |       |                        |                        |                 |                       |                    |                     |                     |                 |
|    Totals    |           11           |            25            |    39    |       3        |    8    |  9   |    8    |  10  |     5      |     0     |     4     |   0   |           8            |           8            |        9        |           2           |         0          |          0          |          0          |        9        |
---------------------------------------------------------------------------------------------------------------------------------------------------------------------------------------------------------------------------------------------------------------------------------------------------------------------------------------------------------------


------------------------------------------------------------------------------------------------------------------------------------------------------------------------------------------------------------------------------------------------------------------------------------------------------------------------------------------------------------------
| Stage Number | Exact Match Input xbar | Ternary Match Input xbar | Hash Bit | Hash Dist Unit | Gateway |  SRAM | Map RAM |  TCAM  | VLIW Instr | Meter ALU | Stats ALU | Stash | Exact Match Search Bus | Exact Match Result Bus | Tind Result Bus | Action Data Bus Bytes | 8-bit Action Slots | 16-bit Action Slots | 32-bit Action Slots | Logical TableID |
------------------------------------------------------------------------------------------------------------------------------------------------------------------------------------------------------------------------------------------------------------------------------------------------------------------------------------------------------------------
|      0       |         5.47%          |          0.00%           |  5.77%   |     33.33%     |  43.75% | 5.00% |  8.33%  | 0.00%  |   6.25%    |   0.00%   |   50.00%  | 0.00% |         43.75%         |         43.75%         |      43.75%     |         0.00%         |       0.00%        |        0.00%        |        0.00%        |      43.75%     |
|      1       |         0.00%          |          37.88%          |  0.00%   |     0.00%      |  0.00%  | 3.75% |  4.17%  | 41.67% |   6.25%    |   0.00%   |   25.00%  | 0.00% |         0.00%          |         0.00%          |      6.25%      |         1.56%         |       0.00%        |        0.00%        |        0.00%        |      6.25%      |
|      2       |         3.12%          |          0.00%           |  3.61%   |     16.67%     |  6.25%  | 2.50% |  4.17%  | 0.00%  |   3.12%    |   0.00%   |   25.00%  | 0.00% |         6.25%          |         6.25%          |      6.25%      |         0.00%         |       0.00%        |        0.00%        |        0.00%        |      6.25%      |
|      3       |         0.00%          |          0.00%           |  0.00%   |     0.00%      |  0.00%  | 0.00% |  0.00%  | 0.00%  |   0.00%    |   0.00%   |   0.00%   | 0.00% |         0.00%          |         0.00%          |      0.00%      |         0.00%         |       0.00%        |        0.00%        |        0.00%        |      0.00%      |
|      4       |         0.00%          |          0.00%           |  0.00%   |     0.00%      |  0.00%  | 0.00% |  0.00%  | 0.00%  |   0.00%    |   0.00%   |   0.00%   | 0.00% |         0.00%          |         0.00%          |      0.00%      |         0.00%         |       0.00%        |        0.00%        |        0.00%        |      0.00%      |
|      5       |         0.00%          |          0.00%           |  0.00%   |     0.00%      |  0.00%  | 0.00% |  0.00%  | 0.00%  |   0.00%    |   0.00%   |   0.00%   | 0.00% |         0.00%          |         0.00%          |      0.00%      |         0.00%         |       0.00%        |        0.00%        |        0.00%        |      0.00%      |
|      6       |         0.00%          |          0.00%           |  0.00%   |     0.00%      |  0.00%  | 0.00% |  0.00%  | 0.00%  |   0.00%    |   0.00%   |   0.00%   | 0.00% |         0.00%          |         0.00%          |      0.00%      |         0.00%         |       0.00%        |        0.00%        |        0.00%        |      0.00%      |
|      7       |         0.00%          |          0.00%           |  0.00%   |     0.00%      |  0.00%  | 0.00% |  0.00%  | 0.00%  |   0.00%    |   0.00%   |   0.00%   | 0.00% |         0.00%          |         0.00%          |      0.00%      |         0.00%         |       0.00%        |        0.00%        |        0.00%        |      0.00%      |
|      8       |         0.00%          |          0.00%           |  0.00%   |     0.00%      |  0.00%  | 0.00% |  0.00%  | 0.00%  |   0.00%    |   0.00%   |   0.00%   | 0.00% |         0.00%          |         0.00%          |      0.00%      |         0.00%         |       0.00%        |        0.00%        |        0.00%        |      0.00%      |
|      9       |         0.00%          |          0.00%           |  0.00%   |     0.00%      |  0.00%  | 0.00% |  0.00%  | 0.00%  |   0.00%    |   0.00%   |   0.00%   | 0.00% |         0.00%          |         0.00%          |      0.00%      |         0.00%         |       0.00%        |        0.00%        |        0.00%        |      0.00%      |
|      10      |         0.00%          |          0.00%           |  0.00%   |     0.00%      |  0.00%  | 0.00% |  0.00%  | 0.00%  |   0.00%    |   0.00%   |   0.00%   | 0.00% |         0.00%          |         0.00%          |      0.00%      |         0.00%         |       0.00%        |        0.00%        |        0.00%        |      0.00%      |
|      11      |         0.00%          |          0.00%           |  0.00%   |     0.00%      |  0.00%  | 0.00% |  0.00%  | 0.00%  |   0.00%    |   0.00%   |   0.00%   | 0.00% |         0.00%          |         0.00%          |      0.00%      |         0.00%         |       0.00%        |        0.00%        |        0.00%        |      0.00%      |
|              |                        |                          |          |                |         |       |         |        |            |           |           |       |                        |                        |                 |                       |                    |                     |                     |                 |
|   Average    |         2.86%          |          12.63%          |  3.12%   |     16.67%     |  16.67% | 3.75% |  5.56%  | 13.89% |   5.21%    |   0.00%   |   33.33%  | 0.00% |         16.67%         |         16.67%         |      18.75%     |         0.52%         |       0.00%        |        0.00%        |        0.00%        |      18.75%     |
------------------------------------------------------------------------------------------------------------------------------------------------------------------------------------------------------------------------------------------------------------------------------------------------------------------------------------------------------------------


Allocated Resource Usage
--------------------------------------------------------------------------------------------------------------------------------------------
|              Table              | Stage  | Crossbar | Hash | Gateways | RAMs | TCAMs | Map  | Action |  VLIW |  Exm   |  Exm   |  Tind  |
|               Name              | Number |  Bytes   | Bits |          |      |       | RAMs |  Data  | Slots | Search | Result | Result |
|                                 |        |          |      |          |      |       |      |  Bus   |       |  Bus   |  Bus   |  Bus   |
|                                 |        |          |      |          |      |       |      | Bytes  |       |        |        |        |
--------------------------------------------------------------------------------------------------------------------------------------------
|            --UNUSED--           |   -1   |    0     |  0   |    0     |  0   |   0   |  0   |   0    |   0   |   0    |   0    |   0    |
|              cond-1             |   0    |    1     |  0   |    0     |  0   |   0   |  0   |   0    |   0   |   0    |   0    |   0    |
|              cond-3             |   0    |    2     |  6   |    0     |  0   |   0   |  0   |   0    |   0   |   0    |   0    |   0    |
|              cond-4             |   0    |    1     |  0   |    0     |  0   |   0   |  0   |   0    |   0   |   0    |   0    |   0    |
|              cond-6             |   0    |    1     |  0   |    0     |  0   |   0   |  0   |   0    |   0   |   0    |   0    |   0    |
|             tbl_act             |   0    |    0     |  0   |    1     |  0   |   0   |  0   |   0    |   1   |   2    |   1    |   1    |
|            tbl_act_0            |   0    |    0     |  0   |    1     |  2   |   0   |  2   |   0    |   0   |   2    |   1    |   1    |
|       tbl_act_0$hash_dist       |   0    |    2     |  9   |    0     |  0   |   0   |  0   |   0    |   0   |   0    |   0    |   0    |
| tbl_act_0, tbl_act_2, tbl_act_3 |   0    |    0     |  0   |    0     |  0   |   0   |  0   |   0    |   1   |   0    |   0    |   0    |
|            tbl_act_2            |   0    |    0     |  0   |    1     |  2   |   0   |  2   |   0    |   0   |   2    |   1    |   1    |
|       tbl_act_2$hash_dist       |   0    |    2     |  9   |    0     |  0   |   0   |  0   |   0    |   0   |   0    |   0    |   0    |
|            tbl_act_3            |   0    |    0     |  0   |    1     |  0   |   0   |  0   |   0    |   0   |   2    |   1    |   1    |
|            tbl_act_4            |   0    |    0     |  0   |    1     |  0   |   0   |  0   |   0    |   1   |   2    |   1    |   1    |
|            tbl_act_5            |   0    |    0     |  0   |    1     |  0   |   0   |  0   |   0    |   1   |   2    |   1    |   1    |
|            tbl_act_6            |   0    |    0     |  0   |    1     |  0   |   0   |  0   |   0    |   1   |   2    |   1    |   1    |
|      FabricIngress.acl.acl      |   1    |    25    |  0   |    0     |  3   |   10  |  2   |   2    |   3   |   0    |   0    |   1    |
|              cond-2             |   2    |    2     |  6   |    0     |  0   |   0   |  0   |   0    |   0   |   0    |   0    |   0    |
|            tbl_act_1            |   2    |    0     |  0   |    1     |  2   |   0   |  2   |   0    |   1   |   2    |   1    |   1    |
|       tbl_act_1$hash_dist       |   2    |    2     |  9   |    0     |  0   |   0   |  0   |   0    |   0   |   0    |   0    |   0    |
--------------------------------------------------------------------------------------------------------------------------------------------

